<?xml version="1.0" encoding="UTF-8"?>
<!-- Generated by org.testng.reporters.JUnitReportReporter -->
<testsuite hostname="DESKTOP-OEMN2F6" failures="0" tests="1" name="testpackage.TestActiTimeLogout" time="8.850" errors="0" timestamp="2023-01-04T08:33:18 IST" skipped="0">
  <testcase classname="testpackage.TestActiTimeLogout" name="logout" time="8.850"/>
  <system-out>
    <![CDATA[the test has been starterd]]>
  </system-out>
</testsuite> <!-- testpackage.TestActiTimeLogout -->
