<?xml version="1.0" encoding="UTF-8"?>
<!-- Generated by org.testng.reporters.JUnitReportReporter -->
<testsuite hostname="DESKTOP-OEMN2F6" failures="0" tests="1" name="testpackage.TestActiTimeValidLogin" time="8.816" errors="0" timestamp="2023-01-04T08:33:18 IST" skipped="0">
  <testcase classname="testpackage.TestActiTimeValidLogin" name="testValidLogin" time="8.816"/>
  <system-out>
    <![CDATA[the test has been starterd]]>
  </system-out>
</testsuite> <!-- testpackage.TestActiTimeValidLogin -->
